
> stockpile-web@1.0.0 dev
> vite


  VITE v5.4.21  ready in 199 ms

  ➜  Local:   http://localhost:5173/
  ➜  Network: use --host to expose
[vite:css] @import must precede all other statements (besides @charset or empty @layer)
130|  
131|  /* Import Inter font for better typography */
132|  @import url('https://fonts.googleapis.com/css2?family=Inter:wght@400;500;600;700&display=swap');
   |  ^^^^^^^^^^^^^^^^^^^^^^^^^^^^^^^^^^^^^^^^^^^^^^^^^^^^^^^^^^^^^^^^^^^^^^^^^^^^^^^^^^^^^^^^^^^^^^^^
133|  
134|  /* Reset */
10:21:57 AM [vite] ws proxy socket error:
Error: write EPIPE
    at afterWriteDispatched (node:internal/stream_base_commons:159:15)
    at writeGeneric (node:internal/stream_base_commons:150:3)
    at Socket._writeGeneric (node:net:971:11)
    at Socket._write (node:net:983:8)
    at writeOrBuffer (node:internal/streams/writable:570:12)
    at _write (node:internal/streams/writable:499:10)
    at Writable.write (node:internal/streams/writable:508:10)
    at Socket.ondata (node:internal/streams/readable:1007:22)
    at Socket.emit (node:events:507:28)
    at addChunk (node:internal/streams/readable:559:12)
    at readableAddChunkPushByteMode (node:internal/streams/readable:510:3)
    at Readable.push (node:internal/streams/readable:390:5)
    at TCP.onStreamRead (node:internal/stream_base_commons:189:23)
